GET /products/ Fri Jul 27 2018 19:14:09 GMT-1000 (HST)
GET /products/4021 Fri Jul 27 2018 19:14:13 GMT-1000 (HST)
GET /products/ Fri Jul 27 2018 19:14:17 GMT-1000 (HST)
GET /articles/ Fri Jul 27 2018 19:19:21 GMT-1000 (HST)
GET /articles/new Fri Jul 27 2018 19:19:26 GMT-1000 (HST)
GET /articles/Cupcake Fri Jul 27 2018 19:38:41 GMT-1000 (HST)
GET /articles/ Fri Jul 27 2018 19:38:46 GMT-1000 (HST)
GET /articles/Sorry%20About%20The%20Cupcakes Fri Jul 27 2018 19:38:47 GMT-1000 (HST)
GET /articles/ Fri Jul 27 2018 19:38:49 GMT-1000 (HST)
GET /articles/Cupcake Fri Jul 27 2018 19:38:53 GMT-1000 (HST)
GET /articles/ Fri Jul 27 2018 19:38:55 GMT-1000 (HST)
GET /articles/Cupcake Fri Jul 27 2018 19:39:01 GMT-1000 (HST)
GET /articles/Cupcake/edit Fri Jul 27 2018 19:39:03 GMT-1000 (HST)
DELETE /articles/Cupcake Fri Jul 27 2018 19:39:08 GMT-1000 (HST)
GET /articles Fri Jul 27 2018 19:39:08 GMT-1000 (HST)
GET /articles Fri Jul 27 2018 19:39:09 GMT-1000 (HST)
GET /articles/Cupcake Fri Jul 27 2018 19:49:50 GMT-1000 (HST)
GET /articles/Cupcake Fri Jul 27 2018 19:49:51 GMT-1000 (HST)
GET /articles/ Fri Jul 27 2018 19:49:53 GMT-1000 (HST)
GET /articles/Sorry%20About%20The%20Cupcakes Fri Jul 27 2018 19:49:55 GMT-1000 (HST)
GET /articles/Sorry%20About%20The%20Cupcakes Fri Jul 27 2018 19:50:58 GMT-1000 (HST)
GET /articles/Cupcake Fri Jul 27 2018 19:51:14 GMT-1000 (HST)
GET /articles/Cupcake/edit Fri Jul 27 2018 19:51:17 GMT-1000 (HST)
PUT /articles/Cupcake/ Fri Jul 27 2018 19:51:22 GMT-1000 (HST)
GET /articles/Cupcake Fri Jul 27 2018 19:51:22 GMT-1000 (HST)
GET /articles/ Fri Jul 27 2018 19:56:13 GMT-1000 (HST)
GET /articles/Sorry%20About%20The%20Cupcakes Fri Jul 27 2018 19:56:16 GMT-1000 (HST)
GET /articles/Sorry%20About%20The%20Cupcakes/edit Fri Jul 27 2018 19:56:17 GMT-1000 (HST)
PUT /articles/Sorry%20About%20The%20Cupcakes/ Fri Jul 27 2018 19:56:23 GMT-1000 (HST)
GET /articles/Sorry%20About%20The%20Cupcakes Fri Jul 27 2018 19:56:23 GMT-1000 (HST)
GET /articles/ Fri Jul 27 2018 19:56:37 GMT-1000 (HST)
GET /articles/Sorry%20About%20The%20Cupcakes Fri Jul 27 2018 19:56:39 GMT-1000 (HST)
GET /articles/Sorry%20About%20The%20Cupcakes/edit Fri Jul 27 2018 19:56:40 GMT-1000 (HST)
PUT /articles/Sorry%20About%20The%20Cupcakes/ Fri Jul 27 2018 19:56:46 GMT-1000 (HST)
GET /articles/Sorry%20About%20The%20Cupcakes Fri Jul 27 2018 19:56:46 GMT-1000 (HST)
GET /articles/ Fri Jul 27 2018 19:59:49 GMT-1000 (HST)
GET /articles/ Fri Jul 27 2018 19:59:54 GMT-1000 (HST)
GET /articles/ Fri Jul 27 2018 19:59:55 GMT-1000 (HST)
GET /articles/ Fri Jul 27 2018 20:00:05 GMT-1000 (HST)
GET /articles/Cupcake Fri Jul 27 2018 20:00:08 GMT-1000 (HST)
GET /articles/ Fri Jul 27 2018 20:00:09 GMT-1000 (HST)
GET /articles/Sorry%20About%20The%20Cupcakes Fri Jul 27 2018 20:00:11 GMT-1000 (HST)
GET /articles/Sorry%20About%20The%20Cupcakes Fri Jul 27 2018 20:00:33 GMT-1000 (HST)
GET /articles/Sorry%20About%20The%20Cupcakes Fri Jul 27 2018 20:01:21 GMT-1000 (HST)
GET /articles/Sorry%20About%20The%20Cupcakes Fri Jul 27 2018 20:01:21 GMT-1000 (HST)
GET /articles/ Fri Jul 27 2018 20:01:25 GMT-1000 (HST)
GET /articles/Cupcake Fri Jul 27 2018 20:02:15 GMT-1000 (HST)
GET /articles/Cupcake/edit Fri Jul 27 2018 20:02:18 GMT-1000 (HST)
PUT /articles/Cupcake/ Fri Jul 27 2018 20:05:42 GMT-1000 (HST)
GET /articles/Cupcake Fri Jul 27 2018 20:05:42 GMT-1000 (HST)
GET /articles/Cupcake/edit Fri Jul 27 2018 20:05:44 GMT-1000 (HST)
GET /articles/Cupcake/edit Fri Jul 27 2018 20:06:23 GMT-1000 (HST)
PUT /articles/Cupcake/ Fri Jul 27 2018 20:09:03 GMT-1000 (HST)
GET /articles/Cupcake Fri Jul 27 2018 20:09:03 GMT-1000 (HST)
GET /articles/Cupcake/edit Fri Jul 27 2018 20:09:04 GMT-1000 (HST)
GET /articles/Cupcake/edit Fri Jul 27 2018 20:09:25 GMT-1000 (HST)
GET /articles/Cupcake Fri Jul 27 2018 20:09:31 GMT-1000 (HST)
GET /articles/Cupcake Fri Jul 27 2018 20:09:32 GMT-1000 (HST)
GET /articles/Cupcake Fri Jul 27 2018 20:09:33 GMT-1000 (HST)
GET /articles/Cupcake/edit Fri Jul 27 2018 20:09:36 GMT-1000 (HST)
GET /articles/Cupcake Fri Jul 27 2018 20:09:48 GMT-1000 (HST)
GET /articles/Cupcake/edit Fri Jul 27 2018 20:10:03 GMT-1000 (HST)
PUT /articles/Cupcake/ Fri Jul 27 2018 20:10:10 GMT-1000 (HST)
GET /articles/Cupcake Fri Jul 27 2018 20:10:10 GMT-1000 (HST)
PUT /articles/Cupcake/ Fri Jul 27 2018 20:10:26 GMT-1000 (HST)
GET /articles/Cupcake Fri Jul 27 2018 20:10:26 GMT-1000 (HST)
GET /articles/Cupcake/edit Fri Jul 27 2018 20:10:29 GMT-1000 (HST)
GET /articles/Cupcake Fri Jul 27 2018 20:16:09 GMT-1000 (HST)
GET /articles/Cupcake/edit Fri Jul 27 2018 20:16:10 GMT-1000 (HST)
GET /articles/Cupcake Fri Jul 27 2018 20:16:17 GMT-1000 (HST)
GET /articles/Cupcake Fri Jul 27 2018 20:16:17 GMT-1000 (HST)
GET /articles/Cupcake/edit Fri Jul 27 2018 20:17:38 GMT-1000 (HST)
GET /articles/Cupcake Fri Jul 27 2018 20:17:40 GMT-1000 (HST)
GET /articles/Cupcake/edit Fri Jul 27 2018 20:17:42 GMT-1000 (HST)
GET /articles/Cupcake Fri Jul 27 2018 20:17:48 GMT-1000 (HST)
GET /articles/Cupcake Fri Jul 27 2018 20:17:50 GMT-1000 (HST)
GET /articles/Cupcake/edit Fri Jul 27 2018 20:17:52 GMT-1000 (HST)
GET /articles/Cupcake/edit Fri Jul 27 2018 20:20:21 GMT-1000 (HST)
GET /articles/Cupcake Fri Jul 27 2018 20:20:22 GMT-1000 (HST)
GET /articles/Cupcake Fri Jul 27 2018 20:20:28 GMT-1000 (HST)
GET /articles/Cupcake/edit Fri Jul 27 2018 20:20:37 GMT-1000 (HST)
GET /articles/Cupcake Fri Jul 27 2018 20:21:18 GMT-1000 (HST)
GET /articles/Cupcake Fri Jul 27 2018 20:21:19 GMT-1000 (HST)
GET /articles/Cupcake Fri Jul 27 2018 20:22:18 GMT-1000 (HST)
GET /articles/Cupcake Fri Jul 27 2018 20:22:19 GMT-1000 (HST)
PUT /articles/Cupcake/ Fri Jul 27 2018 20:22:25 GMT-1000 (HST)
GET /articles/Cupcake Fri Jul 27 2018 20:22:25 GMT-1000 (HST)
GET /articles/Cupcake/edit Fri Jul 27 2018 20:22:32 GMT-1000 (HST)
GET /articles/Cupcake Fri Jul 27 2018 20:22:50 GMT-1000 (HST)
GET /products/new Sat Jul 28 2018 11:05:41 GMT-1000 (HST)
GET /favicon.ico Sat Jul 28 2018 11:05:41 GMT-1000 (HST)
POST /products Sat Jul 28 2018 11:05:51 GMT-1000 (HST)
GET /products Sat Jul 28 2018 11:05:51 GMT-1000 (HST)
GET /products/new Sat Jul 28 2018 11:07:20 GMT-1000 (HST)
POST /products Sat Jul 28 2018 11:07:28 GMT-1000 (HST)
GET /products Sat Jul 28 2018 11:07:28 GMT-1000 (HST)
GET /products Sat Jul 28 2018 11:08:37 GMT-1000 (HST)
GET /products/new Sat Jul 28 2018 11:08:40 GMT-1000 (HST)
POST /products Sat Jul 28 2018 11:08:45 GMT-1000 (HST)
GET /products Sat Jul 28 2018 11:08:45 GMT-1000 (HST)
GET /products Sat Jul 28 2018 11:09:28 GMT-1000 (HST)
GET /products/new Sat Jul 28 2018 11:09:30 GMT-1000 (HST)
POST /products Sat Jul 28 2018 11:09:35 GMT-1000 (HST)
GET /products Sat Jul 28 2018 11:09:35 GMT-1000 (HST)
GET /products Sat Jul 28 2018 11:10:00 GMT-1000 (HST)
GET /products/new Sat Jul 28 2018 11:10:01 GMT-1000 (HST)
POST /products Sat Jul 28 2018 11:10:06 GMT-1000 (HST)
GET /products Sat Jul 28 2018 11:10:06 GMT-1000 (HST)
GET /products Sat Jul 28 2018 11:10:27 GMT-1000 (HST)
GET /products/new Sat Jul 28 2018 11:15:43 GMT-1000 (HST)
POST /products Sat Jul 28 2018 11:15:50 GMT-1000 (HST)
GET /products Sat Jul 28 2018 11:15:50 GMT-1000 (HST)
GET /products Sat Jul 28 2018 11:19:49 GMT-1000 (HST)
GET /products/new Sat Jul 28 2018 11:19:50 GMT-1000 (HST)
POST /products Sat Jul 28 2018 11:19:55 GMT-1000 (HST)
GET /products Sat Jul 28 2018 11:19:55 GMT-1000 (HST)
GET /products Sat Jul 28 2018 11:20:16 GMT-1000 (HST)
GET /products/new Sat Jul 28 2018 11:20:18 GMT-1000 (HST)
POST /products Sat Jul 28 2018 11:20:24 GMT-1000 (HST)
GET /products Sat Jul 28 2018 11:20:24 GMT-1000 (HST)
GET /products Sat Jul 28 2018 11:20:44 GMT-1000 (HST)
GET /products/new Sat Jul 28 2018 11:20:45 GMT-1000 (HST)
POST /products Sat Jul 28 2018 11:20:49 GMT-1000 (HST)
GET /products Sat Jul 28 2018 11:20:49 GMT-1000 (HST)
GET /products Sat Jul 28 2018 11:22:08 GMT-1000 (HST)
GET /products/new Sat Jul 28 2018 11:22:11 GMT-1000 (HST)
POST /products Sat Jul 28 2018 11:22:17 GMT-1000 (HST)
GET /products Sat Jul 28 2018 11:22:17 GMT-1000 (HST)
GET /products/new Sat Jul 28 2018 11:25:47 GMT-1000 (HST)
GET /products/new Sat Jul 28 2018 11:27:13 GMT-1000 (HST)
POST /products Sat Jul 28 2018 11:27:20 GMT-1000 (HST)
GET /products Sat Jul 28 2018 11:27:20 GMT-1000 (HST)
GET /products Sat Jul 28 2018 11:31:39 GMT-1000 (HST)
GET /products/new Sat Jul 28 2018 11:31:40 GMT-1000 (HST)
POST /products Sat Jul 28 2018 11:31:46 GMT-1000 (HST)
GET /products Sat Jul 28 2018 11:31:46 GMT-1000 (HST)
GET /products Sat Jul 28 2018 11:41:15 GMT-1000 (HST)
GET /products/new Sat Jul 28 2018 11:41:17 GMT-1000 (HST)
POST /products Sat Jul 28 2018 11:41:22 GMT-1000 (HST)
GET /products Sat Jul 28 2018 11:41:22 GMT-1000 (HST)
GET /products Sat Jul 28 2018 11:43:27 GMT-1000 (HST)
GET /products/new Sat Jul 28 2018 11:43:28 GMT-1000 (HST)
POST /products Sat Jul 28 2018 11:43:33 GMT-1000 (HST)
GET /products Sat Jul 28 2018 11:43:33 GMT-1000 (HST)
GET /products Sat Jul 28 2018 11:43:45 GMT-1000 (HST)
GET /products/new Sat Jul 28 2018 11:43:46 GMT-1000 (HST)
POST /products Sat Jul 28 2018 11:43:52 GMT-1000 (HST)
GET /products Sat Jul 28 2018 11:43:52 GMT-1000 (HST)
GET /products Sat Jul 28 2018 11:44:38 GMT-1000 (HST)
GET /products/new Sat Jul 28 2018 11:44:40 GMT-1000 (HST)
POST /products Sat Jul 28 2018 11:44:44 GMT-1000 (HST)
GET /products Sat Jul 28 2018 11:44:44 GMT-1000 (HST)
GET /products Sat Jul 28 2018 11:45:27 GMT-1000 (HST)
GET /products/new Sat Jul 28 2018 11:45:28 GMT-1000 (HST)
POST /products Sat Jul 28 2018 11:45:32 GMT-1000 (HST)
GET /products Sat Jul 28 2018 11:45:32 GMT-1000 (HST)
GET /products Sat Jul 28 2018 11:46:10 GMT-1000 (HST)
GET /products/new Sat Jul 28 2018 11:46:11 GMT-1000 (HST)
POST /products Sat Jul 28 2018 11:46:16 GMT-1000 (HST)
GET /products Sat Jul 28 2018 11:46:16 GMT-1000 (HST)
GET /products/new Sat Jul 28 2018 11:46:43 GMT-1000 (HST)
POST /products Sat Jul 28 2018 11:46:44 GMT-1000 (HST)
POST /products Sat Jul 28 2018 11:46:57 GMT-1000 (HST)
GET /products/new Sat Jul 28 2018 11:49:41 GMT-1000 (HST)
POST /products Sat Jul 28 2018 11:49:44 GMT-1000 (HST)
GET /products/new Sat Jul 28 2018 11:50:08 GMT-1000 (HST)
POST /products Sat Jul 28 2018 11:50:12 GMT-1000 (HST)
POST /products Sat Jul 28 2018 11:51:57 GMT-1000 (HST)
GET /products Sat Jul 28 2018 11:51:57 GMT-1000 (HST)
GET /products/new Sat Jul 28 2018 11:52:18 GMT-1000 (HST)
POST /products Sat Jul 28 2018 11:52:19 GMT-1000 (HST)
POST /products Sat Jul 28 2018 11:52:29 GMT-1000 (HST)
POST /products Sat Jul 28 2018 11:52:37 GMT-1000 (HST)
GET /products/new Sat Jul 28 2018 11:57:50 GMT-1000 (HST)
POST /products Sat Jul 28 2018 11:57:53 GMT-1000 (HST)
POST /products Sat Jul 28 2018 12:03:25 GMT-1000 (HST)
POST /products Sat Jul 28 2018 12:04:08 GMT-1000 (HST)
GET /products/new Sat Jul 28 2018 12:05:31 GMT-1000 (HST)
POST /products Sat Jul 28 2018 12:05:36 GMT-1000 (HST)
GET /products/new Sat Jul 28 2018 12:08:20 GMT-1000 (HST)
GET /products Sat Jul 28 2018 12:08:23 GMT-1000 (HST)
GET /products Sat Jul 28 2018 12:08:24 GMT-1000 (HST)
GET /products Sat Jul 28 2018 12:09:30 GMT-1000 (HST)
GET /products/new Sat Jul 28 2018 12:09:32 GMT-1000 (HST)
POST /products Sat Jul 28 2018 12:09:33 GMT-1000 (HST)
POST /products Sat Jul 28 2018 12:10:49 GMT-1000 (HST)
GET /products/new Sat Jul 28 2018 12:11:12 GMT-1000 (HST)
POST /products Sat Jul 28 2018 12:11:14 GMT-1000 (HST)
GET /products/new Sat Jul 28 2018 12:11:20 GMT-1000 (HST)
POST /products Sat Jul 28 2018 12:11:23 GMT-1000 (HST)
GET /products/new Sat Jul 28 2018 12:11:27 GMT-1000 (HST)
POST /products Sat Jul 28 2018 12:11:31 GMT-1000 (HST)
POST /products Sat Jul 28 2018 12:11:36 GMT-1000 (HST)
GET /products Sat Jul 28 2018 12:11:37 GMT-1000 (HST)
GET /products Sat Jul 28 2018 12:12:36 GMT-1000 (HST)
GET /products/new Sat Jul 28 2018 12:12:37 GMT-1000 (HST)
POST /products Sat Jul 28 2018 12:12:40 GMT-1000 (HST)
GET /products/new Sat Jul 28 2018 12:14:54 GMT-1000 (HST)
POST /products Sat Jul 28 2018 12:14:56 GMT-1000 (HST)
GET /products/new Sat Jul 28 2018 12:14:56 GMT-1000 (HST)
GET /products/new Sat Jul 28 2018 12:16:00 GMT-1000 (HST)
POST /products Sat Jul 28 2018 12:16:02 GMT-1000 (HST)
GET /products/new Sat Jul 28 2018 12:17:09 GMT-1000 (HST)
POST /products Sat Jul 28 2018 12:17:11 GMT-1000 (HST)
GET /products/new Sat Jul 28 2018 12:17:11 GMT-1000 (HST)
GET /products/new Sat Jul 28 2018 12:18:57 GMT-1000 (HST)
POST /products Sat Jul 28 2018 12:19:01 GMT-1000 (HST)
POST /products Sat Jul 28 2018 12:19:50 GMT-1000 (HST)
GET /products/new Sat Jul 28 2018 12:19:57 GMT-1000 (HST)
POST /products Sat Jul 28 2018 12:20:00 GMT-1000 (HST)
POST /products Sat Jul 28 2018 12:21:20 GMT-1000 (HST)
GET /products/new Sat Jul 28 2018 12:22:05 GMT-1000 (HST)
POST /products Sat Jul 28 2018 12:22:08 GMT-1000 (HST)
GET /products/new Sat Jul 28 2018 12:33:24 GMT-1000 (HST)
POST /products Sat Jul 28 2018 12:33:26 GMT-1000 (HST)
GET /products/new Sat Jul 28 2018 12:34:03 GMT-1000 (HST)
POST /products Sat Jul 28 2018 12:34:05 GMT-1000 (HST)
GET /products/new Sat Jul 28 2018 12:34:05 GMT-1000 (HST)
POST /products Sat Jul 28 2018 12:34:31 GMT-1000 (HST)
GET /products/new Sat Jul 28 2018 12:34:31 GMT-1000 (HST)
POST /products Sat Jul 28 2018 12:35:09 GMT-1000 (HST)
GET /products/new Sat Jul 28 2018 12:35:09 GMT-1000 (HST)
GET /products/new Sat Jul 28 2018 13:28:18 GMT-1000 (HST)
POST /products Sat Jul 28 2018 13:28:21 GMT-1000 (HST)
GET /products/new Sat Jul 28 2018 13:28:21 GMT-1000 (HST)
POST /products Sat Jul 28 2018 13:31:18 GMT-1000 (HST)
GET /products/new Sat Jul 28 2018 13:31:18 GMT-1000 (HST)
GET /products Sat Jul 28 2018 13:36:49 GMT-1000 (HST)
GET /products/new Sat Jul 28 2018 13:36:50 GMT-1000 (HST)
POST /products Sat Jul 28 2018 13:36:52 GMT-1000 (HST)
GET /products/new Sat Jul 28 2018 13:38:20 GMT-1000 (HST)
POST /products Sat Jul 28 2018 13:38:24 GMT-1000 (HST)
POST /products Sat Jul 28 2018 13:39:10 GMT-1000 (HST)
GET /products/new Sat Jul 28 2018 13:40:01 GMT-1000 (HST)
GET /products/new Sat Jul 28 2018 13:40:17 GMT-1000 (HST)
POST /products Sat Jul 28 2018 13:40:20 GMT-1000 (HST)
GET /products/new Sat Jul 28 2018 13:43:14 GMT-1000 (HST)
GET /products/new Sat Jul 28 2018 13:43:51 GMT-1000 (HST)
GET /products Sat Jul 28 2018 13:43:53 GMT-1000 (HST)
GET /products Sat Jul 28 2018 13:44:30 GMT-1000 (HST)
GET /products Sat Jul 28 2018 13:44:32 GMT-1000 (HST)
GET /products/new Sat Jul 28 2018 13:44:34 GMT-1000 (HST)
POST /products Sat Jul 28 2018 13:44:35 GMT-1000 (HST)
POST /products Sat Jul 28 2018 13:47:45 GMT-1000 (HST)
GET /products/new Sat Jul 28 2018 13:47:53 GMT-1000 (HST)
POST /products Sat Jul 28 2018 13:47:55 GMT-1000 (HST)
POST /products Sat Jul 28 2018 13:48:21 GMT-1000 (HST)
POST /products Sat Jul 28 2018 13:48:22 GMT-1000 (HST)
POST /products Sat Jul 28 2018 13:48:25 GMT-1000 (HST)
POST /products Sat Jul 28 2018 13:49:20 GMT-1000 (HST)
POST /products Sat Jul 28 2018 13:55:24 GMT-1000 (HST)
