POST /products Sat Jul 28 2018 14:00:11 GMT-1000 (HST)
GET /products Sat Jul 28 2018 14:00:23 GMT-1000 (HST)
GET /products Sat Jul 28 2018 14:00:25 GMT-1000 (HST)
GET /products/4021 Sat Jul 28 2018 14:00:27 GMT-1000 (HST)
GET /products/new Sat Jul 28 2018 14:00:30 GMT-1000 (HST)
POST /products Sat Jul 28 2018 14:00:33 GMT-1000 (HST)
POST /products Sat Jul 28 2018 14:00:56 GMT-1000 (HST)
POST /products Sat Jul 28 2018 14:01:39 GMT-1000 (HST)
GET /products Sat Jul 28 2018 14:03:33 GMT-1000 (HST)
GET /products/new Sat Jul 28 2018 14:03:34 GMT-1000 (HST)
POST /products Sat Jul 28 2018 14:03:36 GMT-1000 (HST)
POST /products Sat Jul 28 2018 14:04:04 GMT-1000 (HST)
POST /products Sat Jul 28 2018 14:04:22 GMT-1000 (HST)
POST /products Sat Jul 28 2018 14:05:04 GMT-1000 (HST)
GET /products/new Sat Jul 28 2018 14:05:15 GMT-1000 (HST)
POST /products Sat Jul 28 2018 14:05:18 GMT-1000 (HST)
POST /products Sat Jul 28 2018 14:05:53 GMT-1000 (HST)
POST /products Sat Jul 28 2018 14:05:55 GMT-1000 (HST)
POST /products Sat Jul 28 2018 14:06:42 GMT-1000 (HST)
POST /products Sat Jul 28 2018 14:06:51 GMT-1000 (HST)
POST /products Sat Jul 28 2018 14:07:04 GMT-1000 (HST)
POST /products Sat Jul 28 2018 14:07:07 GMT-1000 (HST)
POST /products Sat Jul 28 2018 14:07:31 GMT-1000 (HST)
GET /products Sat Jul 28 2018 14:07:31 GMT-1000 (HST)
GET /products/new Sat Jul 28 2018 14:07:33 GMT-1000 (HST)
POST /products Sat Jul 28 2018 14:07:39 GMT-1000 (HST)
POST /products Sat Jul 28 2018 14:09:02 GMT-1000 (HST)
POST /products Sat Jul 28 2018 14:09:15 GMT-1000 (HST)
GET /products Sat Jul 28 2018 14:11:26 GMT-1000 (HST)
GET /products Sat Jul 28 2018 14:11:27 GMT-1000 (HST)
GET /products/new Sat Jul 28 2018 14:11:28 GMT-1000 (HST)
POST /products Sat Jul 28 2018 14:11:30 GMT-1000 (HST)
POST /products Sat Jul 28 2018 14:12:21 GMT-1000 (HST)
GET /products/new Sat Jul 28 2018 14:12:28 GMT-1000 (HST)
POST /products Sat Jul 28 2018 14:12:30 GMT-1000 (HST)
GET /products Sat Jul 28 2018 14:12:59 GMT-1000 (HST)
GET /products/new Sat Jul 28 2018 14:13:01 GMT-1000 (HST)
POST /products Sat Jul 28 2018 14:13:03 GMT-1000 (HST)
POST /products Sat Jul 28 2018 14:13:11 GMT-1000 (HST)
GET /products Sat Jul 28 2018 14:16:33 GMT-1000 (HST)
GET /products Sat Jul 28 2018 14:16:34 GMT-1000 (HST)
GET /products/new Sat Jul 28 2018 14:16:35 GMT-1000 (HST)
POST /products Sat Jul 28 2018 14:16:38 GMT-1000 (HST)
GET /products/new Sat Jul 28 2018 14:17:15 GMT-1000 (HST)
GET /products Sat Jul 28 2018 14:17:19 GMT-1000 (HST)
GET /products/new Sat Jul 28 2018 14:17:20 GMT-1000 (HST)
POST /products Sat Jul 28 2018 14:17:22 GMT-1000 (HST)
GET /products/new Sat Jul 28 2018 14:17:43 GMT-1000 (HST)
GET /products/new Sat Jul 28 2018 14:17:48 GMT-1000 (HST)
POST /products Sat Jul 28 2018 14:17:50 GMT-1000 (HST)
POST /products Sat Jul 28 2018 14:18:15 GMT-1000 (HST)
POST /products Sat Jul 28 2018 14:19:58 GMT-1000 (HST)
POST /products Sat Jul 28 2018 14:20:01 GMT-1000 (HST)
POST /products Sat Jul 28 2018 14:20:03 GMT-1000 (HST)
POST /products Sat Jul 28 2018 14:20:06 GMT-1000 (HST)
POST /products Sat Jul 28 2018 14:20:27 GMT-1000 (HST)
POST /products Sat Jul 28 2018 14:20:59 GMT-1000 (HST)
POST /products Sat Jul 28 2018 14:21:05 GMT-1000 (HST)
POST /products Sat Jul 28 2018 14:22:07 GMT-1000 (HST)
POST /products Sat Jul 28 2018 14:22:27 GMT-1000 (HST)
POST /products Sat Jul 28 2018 14:22:28 GMT-1000 (HST)
POST /products Sat Jul 28 2018 14:22:31 GMT-1000 (HST)
POST /products Sat Jul 28 2018 14:23:32 GMT-1000 (HST)
POST /products Sat Jul 28 2018 14:23:37 GMT-1000 (HST)
POST /products Sat Jul 28 2018 14:23:38 GMT-1000 (HST)
POST /products Sat Jul 28 2018 14:23:39 GMT-1000 (HST)
POST /products Sat Jul 28 2018 14:23:42 GMT-1000 (HST)
POST /products Sat Jul 28 2018 14:24:45 GMT-1000 (HST)
POST /products Sat Jul 28 2018 14:25:17 GMT-1000 (HST)
POST /products Sat Jul 28 2018 14:25:37 GMT-1000 (HST)
POST /products Sat Jul 28 2018 14:25:38 GMT-1000 (HST)
POST /products Sat Jul 28 2018 14:25:50 GMT-1000 (HST)
POST /products Sat Jul 28 2018 14:26:09 GMT-1000 (HST)
POST /products Sat Jul 28 2018 14:27:35 GMT-1000 (HST)
POST /products Sat Jul 28 2018 14:28:14 GMT-1000 (HST)
POST /products Sat Jul 28 2018 14:28:26 GMT-1000 (HST)
POST /products Sat Jul 28 2018 14:28:36 GMT-1000 (HST)
POST /products Sat Jul 28 2018 14:32:07 GMT-1000 (HST)
POST /products Sat Jul 28 2018 14:32:09 GMT-1000 (HST)
POST /products Sat Jul 28 2018 14:32:13 GMT-1000 (HST)
POST /products Sat Jul 28 2018 14:32:48 GMT-1000 (HST)
POST /products Sat Jul 28 2018 14:32:57 GMT-1000 (HST)
POST /products Sat Jul 28 2018 14:33:01 GMT-1000 (HST)
POST /products Sat Jul 28 2018 14:33:34 GMT-1000 (HST)
POST /products Sat Jul 28 2018 14:33:45 GMT-1000 (HST)
POST /products Sat Jul 28 2018 14:34:46 GMT-1000 (HST)
POST /products Sat Jul 28 2018 14:34:48 GMT-1000 (HST)
POST /products Sat Jul 28 2018 14:34:55 GMT-1000 (HST)
GET /products Sat Jul 28 2018 14:34:55 GMT-1000 (HST)
GET /products/157 Sat Jul 28 2018 14:35:43 GMT-1000 (HST)
GET /products/157/edit Sat Jul 28 2018 14:35:45 GMT-1000 (HST)
GET /products/ Sat Jul 28 2018 14:35:51 GMT-1000 (HST)
GET /products/157 Sat Jul 28 2018 14:35:54 GMT-1000 (HST)
GET /products/new Sat Jul 28 2018 14:36:00 GMT-1000 (HST)
POST /products Sat Jul 28 2018 14:36:05 GMT-1000 (HST)
POST /products Sat Jul 28 2018 14:53:29 GMT-1000 (HST)
POST /products Sat Jul 28 2018 14:53:36 GMT-1000 (HST)
GET /products Sat Jul 28 2018 14:53:36 GMT-1000 (HST)
GET /products/new Sat Jul 28 2018 14:53:41 GMT-1000 (HST)
POST /products Sat Jul 28 2018 14:55:34 GMT-1000 (HST)
POST /products Sat Jul 28 2018 14:55:37 GMT-1000 (HST)
POST /products Sat Jul 28 2018 14:55:40 GMT-1000 (HST)
GET /products Sat Jul 28 2018 14:55:40 GMT-1000 (HST)
GET /products/4021 Sat Jul 28 2018 14:56:34 GMT-1000 (HST)
GET /products/ Sat Jul 28 2018 14:56:36 GMT-1000 (HST)
GET /products/new Sat Jul 28 2018 14:56:37 GMT-1000 (HST)
POST /products Sat Jul 28 2018 14:56:41 GMT-1000 (HST)
GET /products Sat Jul 28 2018 14:56:41 GMT-1000 (HST)
GET /products/23 Sat Jul 28 2018 14:56:47 GMT-1000 (HST)
GET /products Sat Jul 28 2018 14:57:13 GMT-1000 (HST)
GET /products/new Sat Jul 28 2018 14:57:14 GMT-1000 (HST)
POST /products Sat Jul 28 2018 14:57:18 GMT-1000 (HST)
GET /products Sat Jul 28 2018 14:57:18 GMT-1000 (HST)
GET /products/183 Sat Jul 28 2018 14:57:24 GMT-1000 (HST)
GET /products Sat Jul 28 2018 14:58:16 GMT-1000 (HST)
GET /products/new Sat Jul 28 2018 14:58:17 GMT-1000 (HST)
POST /products Sat Jul 28 2018 14:58:23 GMT-1000 (HST)
GET /products Sat Jul 28 2018 14:58:23 GMT-1000 (HST)
GET /products Sat Jul 28 2018 15:00:01 GMT-1000 (HST)
GET /products/new Sat Jul 28 2018 15:00:04 GMT-1000 (HST)
POST /products Sat Jul 28 2018 15:00:09 GMT-1000 (HST)
GET /products Sat Jul 28 2018 15:00:09 GMT-1000 (HST)
GET /products Sat Jul 28 2018 15:20:55 GMT-1000 (HST)
GET /products/new Sat Jul 28 2018 15:20:56 GMT-1000 (HST)
POST /products Sat Jul 28 2018 15:21:01 GMT-1000 (HST)
GET /products Sat Jul 28 2018 15:21:01 GMT-1000 (HST)
GET /products Sat Jul 28 2018 15:21:54 GMT-1000 (HST)
GET /products/new Sat Jul 28 2018 15:21:56 GMT-1000 (HST)
POST /products Sat Jul 28 2018 15:22:02 GMT-1000 (HST)
GET /products Sat Jul 28 2018 15:22:02 GMT-1000 (HST)
GET /products Sat Jul 28 2018 15:22:34 GMT-1000 (HST)
GET /products/new Sat Jul 28 2018 15:22:35 GMT-1000 (HST)
POST /products Sat Jul 28 2018 15:22:39 GMT-1000 (HST)
GET /products Sat Jul 28 2018 15:22:39 GMT-1000 (HST)
GET /products Sat Jul 28 2018 15:23:05 GMT-1000 (HST)
GET /products/new Sat Jul 28 2018 15:23:07 GMT-1000 (HST)
POST /products Sat Jul 28 2018 15:23:12 GMT-1000 (HST)
GET /products Sat Jul 28 2018 15:23:12 GMT-1000 (HST)
GET /products Sat Jul 28 2018 15:23:29 GMT-1000 (HST)
GET /products/new Sat Jul 28 2018 15:23:30 GMT-1000 (HST)
POST /products Sat Jul 28 2018 15:23:35 GMT-1000 (HST)
GET /products Sat Jul 28 2018 15:23:35 GMT-1000 (HST)
GET /products Sat Jul 28 2018 15:24:37 GMT-1000 (HST)
GET /products/new Sat Jul 28 2018 15:24:38 GMT-1000 (HST)
POST /products Sat Jul 28 2018 15:24:42 GMT-1000 (HST)
GET /products Sat Jul 28 2018 15:24:42 GMT-1000 (HST)
GET /products Sat Jul 28 2018 15:25:08 GMT-1000 (HST)
GET /products/new Sat Jul 28 2018 15:25:10 GMT-1000 (HST)
POST /products Sat Jul 28 2018 15:25:15 GMT-1000 (HST)
GET /products Sat Jul 28 2018 15:25:15 GMT-1000 (HST)
GET /products Sat Jul 28 2018 15:25:35 GMT-1000 (HST)
GET /products/new Sat Jul 28 2018 15:25:36 GMT-1000 (HST)
POST /products Sat Jul 28 2018 15:25:42 GMT-1000 (HST)
GET /products Sat Jul 28 2018 15:25:42 GMT-1000 (HST)
GET /products Sat Jul 28 2018 15:26:35 GMT-1000 (HST)
GET /products/new Sat Jul 28 2018 15:26:36 GMT-1000 (HST)
POST /products Sat Jul 28 2018 15:26:41 GMT-1000 (HST)
GET /products Sat Jul 28 2018 15:26:41 GMT-1000 (HST)
GET /products Sat Jul 28 2018 15:27:20 GMT-1000 (HST)
GET /products/new Sat Jul 28 2018 15:27:21 GMT-1000 (HST)
POST /products Sat Jul 28 2018 15:27:25 GMT-1000 (HST)
GET /products Sat Jul 28 2018 15:27:25 GMT-1000 (HST)
GET /products Sat Jul 28 2018 15:27:54 GMT-1000 (HST)
GET /products Sat Jul 28 2018 15:27:59 GMT-1000 (HST)
GET /products/new Sat Jul 28 2018 15:28:00 GMT-1000 (HST)
POST /products Sat Jul 28 2018 15:28:10 GMT-1000 (HST)
GET /products/new Sat Jul 28 2018 15:28:10 GMT-1000 (HST)
GET /products/new Sat Jul 28 2018 15:30:06 GMT-1000 (HST)
POST /products Sat Jul 28 2018 15:30:16 GMT-1000 (HST)
GET /products/new Sat Jul 28 2018 15:30:16 GMT-1000 (HST)
POST /products Sat Jul 28 2018 15:30:54 GMT-1000 (HST)
GET /products/new Sat Jul 28 2018 15:30:54 GMT-1000 (HST)
POST /products Sat Jul 28 2018 15:38:40 GMT-1000 (HST)
POST /products Sat Jul 28 2018 15:38:47 GMT-1000 (HST)
GET /products/new Sat Jul 28 2018 15:38:47 GMT-1000 (HST)
POST /products Sat Jul 28 2018 15:39:38 GMT-1000 (HST)
GET /products/new Sat Jul 28 2018 15:39:38 GMT-1000 (HST)
POST /products Sat Jul 28 2018 15:42:25 GMT-1000 (HST)
POST /products Sat Jul 28 2018 15:43:07 GMT-1000 (HST)
GET /products/new Sat Jul 28 2018 15:43:07 GMT-1000 (HST)
GET /products/new Sat Jul 28 2018 15:43:40 GMT-1000 (HST)
POST /products Sat Jul 28 2018 15:44:25 GMT-1000 (HST)
GET /products/new Sat Jul 28 2018 15:44:25 GMT-1000 (HST)
GET /products/new Sat Jul 28 2018 15:44:56 GMT-1000 (HST)
POST /products Sat Jul 28 2018 15:45:02 GMT-1000 (HST)
GET /products/new Sat Jul 28 2018 15:45:02 GMT-1000 (HST)
POST /products Sat Jul 28 2018 15:46:06 GMT-1000 (HST)
GET /products/new Sat Jul 28 2018 15:46:06 GMT-1000 (HST)
POST /products Sat Jul 28 2018 15:47:00 GMT-1000 (HST)
GET /products/new Sat Jul 28 2018 15:47:00 GMT-1000 (HST)
POST /products Sat Jul 28 2018 15:47:50 GMT-1000 (HST)
GET /products/new Sat Jul 28 2018 15:47:50 GMT-1000 (HST)
POST /products Sat Jul 28 2018 15:48:33 GMT-1000 (HST)
GET /products/new Sat Jul 28 2018 15:48:33 GMT-1000 (HST)
GET /products/new Sat Jul 28 2018 15:48:52 GMT-1000 (HST)
POST /products Sat Jul 28 2018 15:48:58 GMT-1000 (HST)
GET /products/new Sat Jul 28 2018 15:48:58 GMT-1000 (HST)
POST /products Sat Jul 28 2018 15:49:47 GMT-1000 (HST)
GET /products/new Sat Jul 28 2018 15:49:47 GMT-1000 (HST)
GET /products/new Sat Jul 28 2018 15:49:55 GMT-1000 (HST)
POST /products Sat Jul 28 2018 15:50:03 GMT-1000 (HST)
GET /products/new Sat Jul 28 2018 15:50:03 GMT-1000 (HST)
POST /products Sat Jul 28 2018 15:50:28 GMT-1000 (HST)
GET /products/new Sat Jul 28 2018 15:50:28 GMT-1000 (HST)
GET /products/new Sat Jul 28 2018 15:51:11 GMT-1000 (HST)
POST /products Sat Jul 28 2018 15:51:19 GMT-1000 (HST)
GET /products/new Sat Jul 28 2018 15:51:19 GMT-1000 (HST)
POST /products Sat Jul 28 2018 15:52:21 GMT-1000 (HST)
GET /products/new Sat Jul 28 2018 15:52:21 GMT-1000 (HST)
POST /products Sat Jul 28 2018 15:52:45 GMT-1000 (HST)
GET /products/new Sat Jul 28 2018 15:52:45 GMT-1000 (HST)
POST /products Sat Jul 28 2018 15:53:24 GMT-1000 (HST)
GET /products/new Sat Jul 28 2018 15:53:24 GMT-1000 (HST)
POST /products Sat Jul 28 2018 15:53:59 GMT-1000 (HST)
GET /products Sat Jul 28 2018 15:53:59 GMT-1000 (HST)
GET /products/82 Sat Jul 28 2018 15:54:16 GMT-1000 (HST)
GET /products/ Sat Jul 28 2018 15:54:17 GMT-1000 (HST)
GET /products/82 Sat Jul 28 2018 15:54:56 GMT-1000 (HST)
GET /products/ Sat Jul 28 2018 15:54:58 GMT-1000 (HST)
GET /products/new Sat Jul 28 2018 15:55:00 GMT-1000 (HST)
POST /products Sat Jul 28 2018 15:55:05 GMT-1000 (HST)
GET /products/new Sat Jul 28 2018 15:55:05 GMT-1000 (HST)
POST /products Sat Jul 28 2018 15:55:09 GMT-1000 (HST)
GET /products/new Sat Jul 28 2018 15:55:09 GMT-1000 (HST)
POST /products Sat Jul 28 2018 15:55:16 GMT-1000 (HST)
POST /products Sat Jul 28 2018 15:55:21 GMT-1000 (HST)
GET /products/new Sat Jul 28 2018 15:55:21 GMT-1000 (HST)
POST /products Sat Jul 28 2018 15:59:21 GMT-1000 (HST)
GET /products Sat Jul 28 2018 15:59:21 GMT-1000 (HST)
GET /products Sat Jul 28 2018 16:00:20 GMT-1000 (HST)
GET /products/new Sat Jul 28 2018 16:00:21 GMT-1000 (HST)
POST /products Sat Jul 28 2018 16:00:30 GMT-1000 (HST)
GET /products/new Sat Jul 28 2018 16:00:30 GMT-1000 (HST)
POST /products Sat Jul 28 2018 16:07:03 GMT-1000 (HST)
GET /products/new Sat Jul 28 2018 16:07:03 GMT-1000 (HST)
POST /products Sat Jul 28 2018 16:08:07 GMT-1000 (HST)
GET /products/new Sat Jul 28 2018 16:08:07 GMT-1000 (HST)
POST /products Sat Jul 28 2018 16:09:03 GMT-1000 (HST)
GET /products/new Sat Jul 28 2018 16:09:03 GMT-1000 (HST)
GET /products/new Sat Jul 28 2018 16:10:28 GMT-1000 (HST)
POST /products Sat Jul 28 2018 16:10:35 GMT-1000 (HST)
GET /products/new Sat Jul 28 2018 16:10:35 GMT-1000 (HST)
POST /products Sat Jul 28 2018 16:10:45 GMT-1000 (HST)
GET /products/new Sat Jul 28 2018 16:10:45 GMT-1000 (HST)
POST /products Sat Jul 28 2018 16:12:05 GMT-1000 (HST)
GET /products Sat Jul 28 2018 16:12:05 GMT-1000 (HST)
GET /products/181 Sat Jul 28 2018 16:12:15 GMT-1000 (HST)
GET /products Sat Jul 28 2018 16:14:28 GMT-1000 (HST)
GET /products/new Sat Jul 28 2018 16:14:29 GMT-1000 (HST)
POST /products Sat Jul 28 2018 16:14:38 GMT-1000 (HST)
GET /products/new Sat Jul 28 2018 16:14:38 GMT-1000 (HST)
POST /products Sat Jul 28 2018 16:16:14 GMT-1000 (HST)
GET /products/new Sat Jul 28 2018 16:16:14 GMT-1000 (HST)
GET /products/new Sat Jul 28 2018 16:16:57 GMT-1000 (HST)
POST /products Sat Jul 28 2018 16:17:05 GMT-1000 (HST)
GET /products/new Sat Jul 28 2018 16:17:05 GMT-1000 (HST)
GET /products/new Sat Jul 28 2018 16:17:30 GMT-1000 (HST)
POST /products Sat Jul 28 2018 16:17:39 GMT-1000 (HST)
GET /products/new Sat Jul 28 2018 16:17:39 GMT-1000 (HST)
POST /products Sat Jul 28 2018 16:23:51 GMT-1000 (HST)
GET /products/new Sat Jul 28 2018 16:23:51 GMT-1000 (HST)
POST /products Sat Jul 28 2018 16:24:35 GMT-1000 (HST)
POST /products Sat Jul 28 2018 16:24:39 GMT-1000 (HST)
GET /products/new Sat Jul 28 2018 16:24:40 GMT-1000 (HST)
POST /products Sat Jul 28 2018 16:25:32 GMT-1000 (HST)
GET /products/new Sat Jul 28 2018 16:25:32 GMT-1000 (HST)
POST /products Sat Jul 28 2018 16:29:25 GMT-1000 (HST)
GET /products/new Sat Jul 28 2018 16:29:25 GMT-1000 (HST)
POST /products Sat Jul 28 2018 16:29:56 GMT-1000 (HST)
GET /products/new Sat Jul 28 2018 16:29:56 GMT-1000 (HST)
POST /products Sat Jul 28 2018 16:30:23 GMT-1000 (HST)
GET /products/new Sat Jul 28 2018 16:30:23 GMT-1000 (HST)
POST /products Sat Jul 28 2018 16:31:06 GMT-1000 (HST)
GET /products/new Sat Jul 28 2018 16:31:06 GMT-1000 (HST)
POST /products Sat Jul 28 2018 16:31:45 GMT-1000 (HST)
GET /products/new Sat Jul 28 2018 16:31:45 GMT-1000 (HST)
POST /products Sat Jul 28 2018 16:32:33 GMT-1000 (HST)
GET /products/new Sat Jul 28 2018 16:32:33 GMT-1000 (HST)
POST /products Sat Jul 28 2018 16:33:07 GMT-1000 (HST)
GET /products/new Sat Jul 28 2018 16:33:07 GMT-1000 (HST)
POST /products Sat Jul 28 2018 16:34:35 GMT-1000 (HST)
POST /products Sat Jul 28 2018 16:34:39 GMT-1000 (HST)
GET /products/new Sat Jul 28 2018 16:34:39 GMT-1000 (HST)
POST /products Sat Jul 28 2018 16:38:49 GMT-1000 (HST)
GET /products/new Sat Jul 28 2018 16:38:49 GMT-1000 (HST)
POST /products Sat Jul 28 2018 16:39:37 GMT-1000 (HST)
GET /products/new Sat Jul 28 2018 16:39:37 GMT-1000 (HST)
POST /products Sat Jul 28 2018 16:39:48 GMT-1000 (HST)
GET /products/new Sat Jul 28 2018 16:39:48 GMT-1000 (HST)
POST /products Sat Jul 28 2018 16:42:10 GMT-1000 (HST)
GET /products/new Sat Jul 28 2018 16:42:10 GMT-1000 (HST)
GET /products/new Sat Jul 28 2018 16:54:38 GMT-1000 (HST)
POST /products Sat Jul 28 2018 16:54:44 GMT-1000 (HST)
POST /products Sat Jul 28 2018 16:55:22 GMT-1000 (HST)
POST /products Sat Jul 28 2018 16:55:27 GMT-1000 (HST)
POST /products Sat Jul 28 2018 16:55:45 GMT-1000 (HST)
POST /products Sat Jul 28 2018 16:56:22 GMT-1000 (HST)
POST /products Sat Jul 28 2018 16:57:01 GMT-1000 (HST)
POST /products Sat Jul 28 2018 16:57:34 GMT-1000 (HST)
POST /products Sat Jul 28 2018 16:58:16 GMT-1000 (HST)
POST /products Sat Jul 28 2018 17:00:12 GMT-1000 (HST)
POST /products Sat Jul 28 2018 17:01:07 GMT-1000 (HST)
POST /products Sat Jul 28 2018 17:02:07 GMT-1000 (HST)
POST /products Sat Jul 28 2018 17:02:32 GMT-1000 (HST)
POST /products Sat Jul 28 2018 17:02:36 GMT-1000 (HST)
POST /products Sat Jul 28 2018 17:02:48 GMT-1000 (HST)
POST /products Sat Jul 28 2018 17:03:12 GMT-1000 (HST)
POST /products Sat Jul 28 2018 17:03:14 GMT-1000 (HST)
POST /products Sat Jul 28 2018 17:04:04 GMT-1000 (HST)
POST /products Sat Jul 28 2018 17:04:30 GMT-1000 (HST)
POST /products Sat Jul 28 2018 17:05:56 GMT-1000 (HST)
POST /products Sat Jul 28 2018 17:05:57 GMT-1000 (HST)
POST /products Sat Jul 28 2018 17:06:10 GMT-1000 (HST)
POST /products Sat Jul 28 2018 17:06:12 GMT-1000 (HST)
POST /products Sat Jul 28 2018 17:06:24 GMT-1000 (HST)
POST /products Sat Jul 28 2018 17:06:48 GMT-1000 (HST)
POST /products Sat Jul 28 2018 17:07:14 GMT-1000 (HST)
POST /products Sat Jul 28 2018 17:07:27 GMT-1000 (HST)
POST /products Sat Jul 28 2018 17:07:49 GMT-1000 (HST)
POST /products Sat Jul 28 2018 17:08:30 GMT-1000 (HST)
POST /products Sat Jul 28 2018 17:09:15 GMT-1000 (HST)
POST /products Sat Jul 28 2018 17:09:23 GMT-1000 (HST)
POST /products Sat Jul 28 2018 17:09:27 GMT-1000 (HST)
POST /products Sat Jul 28 2018 17:09:31 GMT-1000 (HST)
POST /products Sat Jul 28 2018 17:12:21 GMT-1000 (HST)
